Started by user admin
Running as SYSTEM
Building in workspace /var/jenkins_home/workspace/eCommerceApplication
The recommended git tool is: NONE
using credential c284e415-33d9-4140-9141-874cfbad7871
 > git rev-parse --resolve-git-dir /var/jenkins_home/workspace/eCommerceApplication/.git # timeout=10
Fetching changes from the remote Git repository
 > git config remote.origin.url git@github.com:rohitraj1996/eCommerceApplication.git # timeout=10
Fetching upstream changes from git@github.com:rohitraj1996/eCommerceApplication.git
 > git --version # timeout=10
 > git --version # 'git version 2.30.2'
using GIT_SSH to set credentials 
 > git fetch --tags --force --progress -- git@github.com:rohitraj1996/eCommerceApplication.git +refs/heads/*:refs/remotes/origin/* # timeout=10
 > git rev-parse refs/remotes/origin/main^{commit} # timeout=10
Checking out Revision 425c9bb82e0f962ddae31186664bb0d6bb031b89 (refs/remotes/origin/main)
 > git config core.sparsecheckout # timeout=10
 > git checkout -f 425c9bb82e0f962ddae31186664bb0d6bb031b89 # timeout=10
Commit message: "Added log and tests."
 > git rev-list --no-walk 425c9bb82e0f962ddae31186664bb0d6bb031b89 # timeout=10
[eCommerceApplication] $ mvn -f starter_code/pom.xml package
[INFO] Scanning for projects...
[INFO] 
[INFO] ----------------------< com.example:auth-course >-----------------------
[INFO] Building auth-course 0.0.1-SNAPSHOT
[INFO] --------------------------------[ war ]---------------------------------
[INFO] 
[INFO] --- maven-resources-plugin:3.1.0:resources (default-resources) @ auth-course ---
[INFO] Using 'UTF-8' encoding to copy filtered resources.
[INFO] Copying 1 resource
[INFO] Copying 1 resource
[INFO] 
[INFO] --- maven-compiler-plugin:3.8.1:compile (default-compile) @ auth-course ---
[INFO] Nothing to compile - all classes are up to date
[INFO] 
[INFO] --- maven-resources-plugin:3.1.0:testResources (default-testResources) @ auth-course ---
[INFO] Using 'UTF-8' encoding to copy filtered resources.
[INFO] skip non existing resourceDirectory /var/jenkins_home/workspace/eCommerceApplication/starter_code/src/test/resources
[INFO] 
[INFO] --- maven-compiler-plugin:3.8.1:testCompile (default-testCompile) @ auth-course ---
[INFO] Changes detected - recompiling the module!
[INFO] Compiling 7 source files to /var/jenkins_home/workspace/eCommerceApplication/starter_code/target/test-classes
[INFO] 
[INFO] --- maven-surefire-plugin:2.22.2:test (default-test) @ auth-course ---
[INFO] 
[INFO] -------------------------------------------------------
[INFO]  T E S T S
[INFO] -------------------------------------------------------
[INFO] Running com.example.demo.controllers.UserControllerTest
06:40:41.297 [main] INFO com.example.demo.controllers.UserController - "test" created successfully
06:40:41.376 [main] INFO com.example.demo.controllers.UserController - "test" created successfully
06:40:41.382 [main] INFO com.example.demo.controllers.UserController - "test" created successfully
06:40:41.389 [main] ERROR com.example.demo.controllers.UserController - Password must not be empty, confirmPassword must match and must be a minimum of 8 characters. Cannot create test
[INFO] Tests run: 4, Failures: 0, Errors: 0, Skipped: 0, Time elapsed: 1.264 s - in com.example.demo.controllers.UserControllerTest
[INFO] Running com.example.demo.controllers.OrderControllerTest
06:40:41.566 [main] ERROR com.example.demo.controllers.OrderController - Order history could not be retrieved, "test" not found
06:40:41.595 [main] INFO com.example.demo.controllers.OrderController - Order saved successfully for "test"
06:40:41.597 [main] INFO com.example.demo.controllers.OrderController - Order saved successfully for "test"
06:40:41.598 [main] ERROR com.example.demo.controllers.OrderController - Order could not be saved, "test" not found
[INFO] Tests run: 4, Failures: 0, Errors: 0, Skipped: 0, Time elapsed: 0.104 s - in com.example.demo.controllers.OrderControllerTest
[INFO] Running com.example.demo.controllers.CartControllerTest
06:40:41.696 [main] ERROR com.example.demo.controllers.CartController - Cart could not be removed, "null" not found
06:40:41.698 [main] ERROR com.example.demo.controllers.CartController - No item found for the specified id "1"
06:40:41.699 [main] ERROR com.example.demo.controllers.CartController - Cart could not be added, "null" not found
06:40:41.700 [main] ERROR com.example.demo.controllers.CartController - No item found for the specified id "1"
06:40:41.705 [main] INFO com.example.demo.controllers.CartController - Items added to the cart successfully for "test"
06:40:41.706 [main] INFO com.example.demo.controllers.CartController - Cart saved successfully for "test"
06:40:41.709 [main] INFO com.example.demo.controllers.CartController - Items removed from the cart successfully for "test"
06:40:41.709 [main] INFO com.example.demo.controllers.CartController - Cart saved successfully for "test"
[INFO] Tests run: 4, Failures: 0, Errors: 0, Skipped: 0, Time elapsed: 0.099 s - in com.example.demo.controllers.CartControllerTest
[INFO] Running com.example.demo.controllers.ItemControllerTest
[INFO] Tests run: 3, Failures: 0, Errors: 0, Skipped: 0, Time elapsed: 0.003 s - in com.example.demo.controllers.ItemControllerTest
[INFO] Running com.example.demo.SareetaApplicationTests
06:40:41.760 [main] INFO com.example.demo.controllers.UserController - "test" created successfully
06:40:41.764 [main] INFO com.example.demo.controllers.UserController - "test" created successfully
06:40:41.765 [main] INFO com.example.demo.controllers.UserController - "test" created successfully
06:40:41.768 [main] ERROR com.example.demo.controllers.UserController - Password must not be empty, confirmPassword must match and must be a minimum of 8 characters. Cannot create test
06:40:41.780 [main] ERROR com.example.demo.controllers.CartController - Cart could not be removed, "null" not found
06:40:41.781 [main] ERROR com.example.demo.controllers.CartController - No item found for the specified id "1"
06:40:41.782 [main] ERROR com.example.demo.controllers.CartController - Cart could not be added, "null" not found
06:40:41.782 [main] ERROR com.example.demo.controllers.CartController - No item found for the specified id "1"
06:40:41.783 [main] INFO com.example.demo.controllers.CartController - Items added to the cart successfully for "test"
06:40:41.783 [main] INFO com.example.demo.controllers.CartController - Cart saved successfully for "test"
06:40:41.784 [main] INFO com.example.demo.controllers.CartController - Items removed from the cart successfully for "test"
06:40:41.785 [main] INFO com.example.demo.controllers.CartController - Cart saved successfully for "test"
06:40:41.786 [main] ERROR com.example.demo.controllers.OrderController - Order history could not be retrieved, "test" not found
06:40:41.787 [main] INFO com.example.demo.controllers.OrderController - Order saved successfully for "test"
06:40:41.791 [main] INFO com.example.demo.controllers.OrderController - Order saved successfully for "test"
06:40:41.791 [main] ERROR com.example.demo.controllers.OrderController - Order could not be saved, "test" not found
[INFO] Tests run: 15, Failures: 0, Errors: 0, Skipped: 0, Time elapsed: 0.048 s - in com.example.demo.SareetaApplicationTests
[INFO] 
[INFO] Results:
[INFO] 
[INFO] Tests run: 30, Failures: 0, Errors: 0, Skipped: 0
[INFO] 
[INFO] 
[INFO] --- maven-war-plugin:3.2.2:war (default-war) @ auth-course ---
[INFO] Packaging webapp
[INFO] Assembling webapp [auth-course] in [/var/jenkins_home/workspace/eCommerceApplication/starter_code/target/auth-course-0.0.1-SNAPSHOT]
[INFO] Processing war project
[INFO] Webapp assembled in [384 msecs]
[INFO] Building war: /var/jenkins_home/workspace/eCommerceApplication/starter_code/target/auth-course-0.0.1-SNAPSHOT.war
[INFO] 
[INFO] --- spring-boot-maven-plugin:2.1.5.RELEASE:repackage (repackage) @ auth-course ---
[INFO] Replacing main artifact with repackaged archive
[INFO] ------------------------------------------------------------------------
[INFO] BUILD SUCCESS
[INFO] ------------------------------------------------------------------------
[INFO] Total time:  13.400 s
[INFO] Finished at: 2021-06-05T06:40:47Z
[INFO] ------------------------------------------------------------------------
Finished: SUCCESS
